Build started 29/09/2010 8:15:17 PM.
     1>Project "C:\Users\Michael\Documents\Visual Studio 2010\Projects\Mess Around\Mess Around\Mess Around.vcxproj" on node 2 (build target(s)).
     1>InitializeBuildStatus:
         Creating "Debug\Mess Around.unsuccessfulbuild" because "AlwaysCreate" was specified.
       ClCompile:
         c:\Program Files\Microsoft Visual Studio 10.0\VC\bin\CL.exe /c /ZI /nologo /W3 /WX- /Od /Oy- /D WIN32 /D _DEBUG /D _CONSOLE /D _UNICODE /D UNICODE /Gm /EHsc /RTC1 /MDd /GS /fp:precise /Zc:wchar_t /Zc:forScope /Fo"Debug\\" /Fd"Debug\vc100.pdb" /Gd /TP /analyze- /errorReport:prompt "File 1.cpp"
         File 1.cpp
       ManifestResourceCompile:
         All outputs are up-to-date.
       Link:
         c:\Program Files\Microsoft Visual Studio 10.0\VC\bin\link.exe /ERRORREPORT:PROMPT /OUT:"C:\Users\Michael\Documents\Visual Studio 2010\Projects\Mess Around\Debug\Mess Around.exe" /INCREMENTAL /NOLOGO kernel32.lib user32.lib gdi32.lib winspool.lib comdlg32.lib advapi32.lib shell32.lib ole32.lib oleaut32.lib uuid.lib odbc32.lib odbccp32.lib /MANIFEST /ManifestFile:"Debug\Mess Around.exe.intermediate.manifest" /MANIFESTUAC:"level='asInvoker' uiAccess='false'" /DEBUG /PDB:"C:\Users\Michael\Documents\Visual Studio 2010\Projects\Mess Around\Debug\Mess Around.pdb" /SUBSYSTEM:CONSOLE /TLBID:1 /DYNAMICBASE /NXCOMPAT /IMPLIB:"C:\Users\Michael\Documents\Visual Studio 2010\Projects\Mess Around\Debug\Mess Around.lib" /MACHINE:X86 "Debug\Mess Around.exe.embed.manifest.res"
         "Debug\File 1.obj"
       Manifest:
         c:\Program Files\Microsoft SDKs\Windows\v7.0A\bin\mt.exe /nologo /verbose /out:"Debug\Mess Around.exe.embed.manifest" /manifest "Debug\Mess Around.exe.intermediate.manifest"
         All outputs are up-to-date.
       LinkEmbedManifest:
         All outputs are up-to-date.
         Mess Around.vcxproj -> C:\Users\Michael\Documents\Visual Studio 2010\Projects\Mess Around\Debug\Mess Around.exe
       FinalizeBuildStatus:
         Deleting file "Debug\Mess Around.unsuccessfulbuild".
         Touching "Debug\Mess Around.lastbuildstate".
     1>Done Building Project "C:\Users\Michael\Documents\Visual Studio 2010\Projects\Mess Around\Mess Around\Mess Around.vcxproj" (build target(s)).

Build succeeded.

Time Elapsed 00:00:02.48
