C:\USERS\MICHAEL\DOCUMENTS\VISUAL STUDIO 2010\PROJECTS\ASSIGNMENT4\ASSIGNMENT4\DEBUG\ASSIGNMENT4.EXE.EMBED.MANIFEST
C:\USERS\MICHAEL\DOCUMENTS\VISUAL STUDIO 2010\PROJECTS\ASSIGNMENT4\ASSIGNMENT4\DEBUG\ASSIGNMENT4.EXE.EMBED.MANIFEST.RES
C:\USERS\MICHAEL\DOCUMENTS\VISUAL STUDIO 2010\PROJECTS\ASSIGNMENT4\ASSIGNMENT4\DEBUG\ASSIGNMENT4.EXE.INTERMEDIATE.MANIFEST
C:\Users\Michael\Documents\Visual Studio 2010\Projects\Assignment4\Assignment4\Debug\Assignment4_manifest.rc
C:\Users\Michael\Documents\Visual Studio 2010\Projects\Assignment4\Assignment4\Debug\cl.command.1.tlog
C:\Users\Michael\Documents\Visual Studio 2010\Projects\Assignment4\Assignment4\Debug\CL.read.1.tlog
C:\Users\Michael\Documents\Visual Studio 2010\Projects\Assignment4\Assignment4\Debug\CL.write.1.tlog
C:\Users\Michael\Documents\Visual Studio 2010\Projects\Assignment4\Assignment4\Debug\link.2348.read.1.tlog
C:\Users\Michael\Documents\Visual Studio 2010\Projects\Assignment4\Assignment4\Debug\link.2348.write.1.tlog
C:\Users\Michael\Documents\Visual Studio 2010\Projects\Assignment4\Assignment4\Debug\link.2348-cvtres.read.1.tlog
C:\Users\Michael\Documents\Visual Studio 2010\Projects\Assignment4\Assignment4\Debug\link.2348-cvtres.write.1.tlog
C:\Users\Michael\Documents\Visual Studio 2010\Projects\Assignment4\Assignment4\Debug\link.command.1.tlog
C:\Users\Michael\Documents\Visual Studio 2010\Projects\Assignment4\Assignment4\Debug\link.read.1.tlog
C:\Users\Michael\Documents\Visual Studio 2010\Projects\Assignment4\Assignment4\Debug\link.write.1.tlog
C:\Users\Michael\Documents\Visual Studio 2010\Projects\Assignment4\Assignment4\Debug\link-cvtres.read.1.tlog
C:\Users\Michael\Documents\Visual Studio 2010\Projects\Assignment4\Assignment4\Debug\link-cvtres.write.1.tlog
C:\Users\Michael\Documents\Visual Studio 2010\Projects\Assignment4\Assignment4\Debug\mt.command.1.tlog
C:\Users\Michael\Documents\Visual Studio 2010\Projects\Assignment4\Assignment4\Debug\mt.read.1.tlog
C:\Users\Michael\Documents\Visual Studio 2010\Projects\Assignment4\Assignment4\Debug\mt.write.1.tlog
C:\USERS\MICHAEL\DOCUMENTS\VISUAL STUDIO 2010\PROJECTS\ASSIGNMENT4\ASSIGNMENT4\DEBUG\QUESTION1.OBJ
C:\Users\Michael\Documents\Visual Studio 2010\Projects\Assignment4\Assignment4\Debug\rc.command.1.tlog
C:\Users\Michael\Documents\Visual Studio 2010\Projects\Assignment4\Assignment4\Debug\rc.read.1.tlog
C:\Users\Michael\Documents\Visual Studio 2010\Projects\Assignment4\Assignment4\Debug\rc.write.1.tlog
C:\Users\Michael\Documents\Visual Studio 2010\Projects\Assignment4\Assignment4\Debug\vc100.idb
C:\USERS\MICHAEL\DOCUMENTS\VISUAL STUDIO 2010\PROJECTS\ASSIGNMENT4\ASSIGNMENT4\DEBUG\VC100.PDB
C:\USERS\MICHAEL\DOCUMENTS\VISUAL STUDIO 2010\PROJECTS\ASSIGNMENT4\DEBUG\ASSIGNMENT4.EXE
C:\USERS\MICHAEL\DOCUMENTS\VISUAL STUDIO 2010\PROJECTS\ASSIGNMENT4\DEBUG\ASSIGNMENT4.ILK
C:\USERS\MICHAEL\DOCUMENTS\VISUAL STUDIO 2010\PROJECTS\ASSIGNMENT4\DEBUG\ASSIGNMENT4.PDB
