Build started 16/03/2011 8:04:32 PM.
     1>Project "C:\Users\Michael\Documents\Visual Studio 2010\Projects\Assignment4\Assignment4\Assignment4.vcxproj" on node 2 (build target(s)).
     1>InitializeBuildStatus:
         Creating "Debug\Assignment4.unsuccessfulbuild" because "AlwaysCreate" was specified.
       ClCompile:
         c:\Program Files\Microsoft Visual Studio 10.0\VC\bin\CL.exe /c /ZI /nologo /W3 /WX- /Od /Oy- /D WIN32 /D _DEBUG /D _CONSOLE /D _UNICODE /D UNICODE /Gm /EHsc /RTC1 /MDd /GS /fp:precise /Zc:wchar_t /Zc:forScope /Fo"Debug\\" /Fd"Debug\vc100.pdb" /Gd /TP /analyze- /errorReport:prompt question2.cpp question4.cpp
         question4.cpp
         question2.cpp
     1>c:\users\michael\documents\visual studio 2010\projects\assignment4\assignment4\question2.cpp(17): warning C4244: 'return' : conversion from 'double' to 'int', possible loss of data
         Generating Code...
     1>c:\users\michael\documents\visual studio 2010\projects\assignment4\assignment4\question2.cpp(23): warning C4715: 'bank' : not all control paths return a value
       ManifestResourceCompile:
         All outputs are up-to-date.
       Link:
         c:\Program Files\Microsoft Visual Studio 10.0\VC\bin\link.exe /ERRORREPORT:PROMPT /OUT:"C:\Users\Michael\Documents\Visual Studio 2010\Projects\Assignment4\Debug\Assignment4.exe" /INCREMENTAL /NOLOGO kernel32.lib user32.lib gdi32.lib winspool.lib comdlg32.lib advapi32.lib shell32.lib ole32.lib oleaut32.lib uuid.lib odbc32.lib odbccp32.lib /MANIFEST /ManifestFile:"Debug\Assignment4.exe.intermediate.manifest" /MANIFESTUAC:"level='asInvoker' uiAccess='false'" /DEBUG /PDB:"C:\Users\Michael\Documents\Visual Studio 2010\Projects\Assignment4\Debug\Assignment4.pdb" /SUBSYSTEM:CONSOLE /TLBID:1 /DYNAMICBASE /NXCOMPAT /IMPLIB:"C:\Users\Michael\Documents\Visual Studio 2010\Projects\Assignment4\Debug\Assignment4.lib" /MACHINE:X86 Debug\Assignment4.exe.embed.manifest.res
         Debug\question1.obj
         Debug\question2.obj
         Debug\question3.obj
         Debug\question4.obj
       Manifest:
         c:\Program Files\Microsoft SDKs\Windows\v7.0A\bin\mt.exe /nologo /verbose /out:"Debug\Assignment4.exe.embed.manifest" /manifest Debug\Assignment4.exe.intermediate.manifest
         All outputs are up-to-date.
       LinkEmbedManifest:
         All outputs are up-to-date.
         Assignment4.vcxproj -> C:\Users\Michael\Documents\Visual Studio 2010\Projects\Assignment4\Debug\Assignment4.exe
       FinalizeBuildStatus:
         Deleting file "Debug\Assignment4.unsuccessfulbuild".
         Touching "Debug\Assignment4.lastbuildstate".
     1>Done Building Project "C:\Users\Michael\Documents\Visual Studio 2010\Projects\Assignment4\Assignment4\Assignment4.vcxproj" (build target(s)).

Build succeeded.

Time Elapsed 00:00:02.49
