Build started 09/03/2011 8:52:09 PM.
     1>Project "C:\Users\Michael\Documents\Visual Studio 2010\Projects\Countdown to Winnipeg\Countdown to Winnipeg\Countdown to Winnipeg.vcxproj" on node 2 (build target(s)).
     1>InitializeBuildStatus:
         Creating "Debug\Countdown to Winnipeg.unsuccessfulbuild" because "AlwaysCreate" was specified.
       ClCompile:
         c:\Program Files\Microsoft Visual Studio 10.0\VC\bin\CL.exe /c /ZI /nologo /W3 /WX- /Od /Oy- /D WIN32 /D _DEBUG /D _CONSOLE /D _UNICODE /D UNICODE /Gm /EHsc /RTC1 /MDd /GS /fp:precise /Zc:wchar_t /Zc:forScope /Fo"Debug\\" /Fd"Debug\vc100.pdb" /Gd /TP /analyze- /errorReport:prompt num1.cpp
         num1.cpp
     1>c:\users\michael\documents\visual studio 2010\projects\countdown to winnipeg\countdown to winnipeg\num1.cpp(14): warning C4996: '_strdate': This function or variable may be unsafe. Consider using _strdate_s instead. To disable deprecation, use _CRT_SECURE_NO_WARNINGS. See online help for details.
                 c:\program files\microsoft visual studio 10.0\vc\include\time.h(177) : see declaration of '_strdate'
     1>c:\users\michael\documents\visual studio 2010\projects\countdown to winnipeg\countdown to winnipeg\num1.cpp(11): warning C4101: 'hour' : unreferenced local variable
       ManifestResourceCompile:
         All outputs are up-to-date.
       Link:
         c:\Program Files\Microsoft Visual Studio 10.0\VC\bin\link.exe /ERRORREPORT:PROMPT /OUT:"C:\Users\Michael\Documents\Visual Studio 2010\Projects\Countdown to Winnipeg\Debug\Countdown to Winnipeg.exe" /INCREMENTAL /NOLOGO kernel32.lib user32.lib gdi32.lib winspool.lib comdlg32.lib advapi32.lib shell32.lib ole32.lib oleaut32.lib uuid.lib odbc32.lib odbccp32.lib /MANIFEST /ManifestFile:"Debug\Countdown to Winnipeg.exe.intermediate.manifest" /MANIFESTUAC:"level='asInvoker' uiAccess='false'" /DEBUG /PDB:"C:\Users\Michael\Documents\Visual Studio 2010\Projects\Countdown to Winnipeg\Debug\Countdown to Winnipeg.pdb" /SUBSYSTEM:CONSOLE /TLBID:1 /DYNAMICBASE /NXCOMPAT /IMPLIB:"C:\Users\Michael\Documents\Visual Studio 2010\Projects\Countdown to Winnipeg\Debug\Countdown to Winnipeg.lib" /MACHINE:X86 "Debug\Countdown to Winnipeg.exe.embed.manifest.res"
         Debug\num1.obj
       Manifest:
         c:\Program Files\Microsoft SDKs\Windows\v7.0A\bin\mt.exe /nologo /verbose /out:"Debug\Countdown to Winnipeg.exe.embed.manifest" /manifest "Debug\Countdown to Winnipeg.exe.intermediate.manifest"
         All outputs are up-to-date.
       LinkEmbedManifest:
         All outputs are up-to-date.
         Countdown to Winnipeg.vcxproj -> C:\Users\Michael\Documents\Visual Studio 2010\Projects\Countdown to Winnipeg\Debug\Countdown to Winnipeg.exe
       FinalizeBuildStatus:
         Deleting file "Debug\Countdown to Winnipeg.unsuccessfulbuild".
         Touching "Debug\Countdown to Winnipeg.lastbuildstate".
     1>Done Building Project "C:\Users\Michael\Documents\Visual Studio 2010\Projects\Countdown to Winnipeg\Countdown to Winnipeg\Countdown to Winnipeg.vcxproj" (build target(s)).

Build succeeded.

Time Elapsed 00:00:01.91
