Build started 21/01/2011 12:12:08 PM.
     1>Project "C:\Users\Michael\Documents\Visual Studio 2010\Projects\assingment 1 question 4\assingment 1 question 4\assingment 1 question 4.vcxproj" on node 2 (build target(s)).
     1>InitializeBuildStatus:
         Creating "Debug\assingment 1 question 4.unsuccessfulbuild" because "AlwaysCreate" was specified.
       ClCompile:
         c:\Program Files\Microsoft Visual Studio 10.0\VC\bin\CL.exe /c /ZI /nologo /W3 /WX- /Od /Oy- /D WIN32 /D _DEBUG /D _CONSOLE /D _UNICODE /D UNICODE /Gm /EHsc /RTC1 /MDd /GS /fp:precise /Zc:wchar_t /Zc:forScope /Fo"Debug\\" /Fd"Debug\vc100.pdb" /Gd /TP /analyze- /errorReport:prompt "E:\Question 4.cpp"
         Question 4.cpp
     1>e:\question 4.cpp(10): warning C4553: '==' : operator has no effect; did you intend '='?
     1>e:\question 4.cpp(26): warning C4996: 'fopen': This function or variable may be unsafe. Consider using fopen_s instead. To disable deprecation, use _CRT_SECURE_NO_WARNINGS. See online help for details.
                 c:\program files\microsoft visual studio 10.0\vc\include\stdio.h(234) : see declaration of 'fopen'
     1>e:\question 4.cpp(31): warning C4996: 'fscanf': This function or variable may be unsafe. Consider using fscanf_s instead. To disable deprecation, use _CRT_SECURE_NO_WARNINGS. See online help for details.
                 c:\program files\microsoft visual studio 10.0\vc\include\stdio.h(253) : see declaration of 'fscanf'
     1>e:\question 4.cpp(63): warning C4553: '==' : operator has no effect; did you intend '='?
     1>e:\question 4.cpp(31): warning C4700: uninitialized local variable 'value' used
     1>e:\question 4.cpp(31): warning C4700: uninitialized local variable 'i' used
       ManifestResourceCompile:
         All outputs are up-to-date.
       Link:
         c:\Program Files\Microsoft Visual Studio 10.0\VC\bin\link.exe /ERRORREPORT:PROMPT /OUT:"C:\Users\Michael\Documents\Visual Studio 2010\Projects\assingment 1 question 4\Debug\assingment 1 question 4.exe" /INCREMENTAL /NOLOGO kernel32.lib user32.lib gdi32.lib winspool.lib comdlg32.lib advapi32.lib shell32.lib ole32.lib oleaut32.lib uuid.lib odbc32.lib odbccp32.lib /MANIFEST /ManifestFile:"Debug\assingment 1 question 4.exe.intermediate.manifest" /MANIFESTUAC:"level='asInvoker' uiAccess='false'" /DEBUG /PDB:"C:\Users\Michael\Documents\Visual Studio 2010\Projects\assingment 1 question 4\Debug\assingment 1 question 4.pdb" /SUBSYSTEM:CONSOLE /TLBID:1 /DYNAMICBASE /NXCOMPAT /IMPLIB:"C:\Users\Michael\Documents\Visual Studio 2010\Projects\assingment 1 question 4\Debug\assingment 1 question 4.lib" /MACHINE:X86 "Debug\assingment 1 question 4.exe.embed.manifest.res"
         "Debug\Question 4.obj"
       Manifest:
         c:\Program Files\Microsoft SDKs\Windows\v7.0A\bin\mt.exe /nologo /verbose /out:"Debug\assingment 1 question 4.exe.embed.manifest" /manifest "Debug\assingment 1 question 4.exe.intermediate.manifest"
         All outputs are up-to-date.
       LinkEmbedManifest:
         All outputs are up-to-date.
         assingment 1 question 4.vcxproj -> C:\Users\Michael\Documents\Visual Studio 2010\Projects\assingment 1 question 4\Debug\assingment 1 question 4.exe
       FinalizeBuildStatus:
         Deleting file "Debug\assingment 1 question 4.unsuccessfulbuild".
         Touching "Debug\assingment 1 question 4.lastbuildstate".
     1>Done Building Project "C:\Users\Michael\Documents\Visual Studio 2010\Projects\assingment 1 question 4\assingment 1 question 4\assingment 1 question 4.vcxproj" (build target(s)).

Build succeeded.

Time Elapsed 00:00:01.82
