Build started 06/10/2010 7:50:29 PM.
     1>Project "C:\Users\Michael\Documents\Visual Studio 2010\Projects\Assignment2\Assignment2\Assignment2.vcxproj" on node 2 (build target(s)).
     1>InitializeBuildStatus:
         Creating "Debug\Assignment2.unsuccessfulbuild" because "AlwaysCreate" was specified.
       ClCompile:
         c:\Program Files\Microsoft Visual Studio 10.0\VC\bin\CL.exe /c /ZI /nologo /W3 /WX- /Od /Oy- /D WIN32 /D _DEBUG /D _CONSOLE /D _UNICODE /D UNICODE /Gm /EHsc /RTC1 /MDd /GS /fp:precise /Zc:wchar_t /Zc:forScope /Fo"Debug\\" /Fd"Debug\vc100.pdb" /Gd /TP /analyze- /errorReport:prompt question3.cpp
         question3.cpp
     1>c:\users\michael\documents\visual studio 2010\projects\assignment2\assignment2\question3.cpp(9): warning C4996: 'scanf': This function or variable may be unsafe. Consider using scanf_s instead. To disable deprecation, use _CRT_SECURE_NO_WARNINGS. See online help for details.
                 c:\program files\microsoft visual studio 10.0\vc\include\stdio.h(304) : see declaration of 'scanf'
       ManifestResourceCompile:
         All outputs are up-to-date.
       Link:
         c:\Program Files\Microsoft Visual Studio 10.0\VC\bin\link.exe /ERRORREPORT:PROMPT /OUT:"C:\Users\Michael\Documents\Visual Studio 2010\Projects\Assignment2\Debug\Assignment2.exe" /INCREMENTAL /NOLOGO kernel32.lib user32.lib gdi32.lib winspool.lib comdlg32.lib advapi32.lib shell32.lib ole32.lib oleaut32.lib uuid.lib odbc32.lib odbccp32.lib /MANIFEST /ManifestFile:"Debug\Assignment2.exe.intermediate.manifest" /MANIFESTUAC:"level='asInvoker' uiAccess='false'" /DEBUG /PDB:"C:\Users\Michael\Documents\Visual Studio 2010\Projects\Assignment2\Debug\Assignment2.pdb" /SUBSYSTEM:CONSOLE /TLBID:1 /DYNAMICBASE /NXCOMPAT /IMPLIB:"C:\Users\Michael\Documents\Visual Studio 2010\Projects\Assignment2\Debug\Assignment2.lib" /MACHINE:X86 Debug\Assignment2.exe.embed.manifest.res
         Debug\question1.obj
         Debug\question2.obj
         Debug\question3.obj
         Debug\question4.obj
         Debug\question5.obj
       Manifest:
         c:\Program Files\Microsoft SDKs\Windows\v7.0A\bin\mt.exe /nologo /verbose /out:"Debug\Assignment2.exe.embed.manifest" /manifest Debug\Assignment2.exe.intermediate.manifest
         All outputs are up-to-date.
       LinkEmbedManifest:
         All outputs are up-to-date.
         Assignment2.vcxproj -> C:\Users\Michael\Documents\Visual Studio 2010\Projects\Assignment2\Debug\Assignment2.exe
       FinalizeBuildStatus:
         Deleting file "Debug\Assignment2.unsuccessfulbuild".
         Touching "Debug\Assignment2.lastbuildstate".
     1>Done Building Project "C:\Users\Michael\Documents\Visual Studio 2010\Projects\Assignment2\Assignment2\Assignment2.vcxproj" (build target(s)).

Build succeeded.

Time Elapsed 00:00:01.41
