Build started 26/11/2010 2:56:57 PM.
     1>Project "C:\Users\Michael\Documents\Visual Studio 2010\Projects\Assignment 4.0\Assignment 4.0\Assignment 4.0.vcxproj" on node 2 (build target(s)).
     1>InitializeBuildStatus:
         Creating "Debug\Assignment 4.0.unsuccessfulbuild" because "AlwaysCreate" was specified.
       ClCompile:
         c:\Program Files\Microsoft Visual Studio 10.0\VC\bin\CL.exe /c /ZI /nologo /W3 /WX- /Od /Oy- /D WIN32 /D _DEBUG /D _CONSOLE /D _UNICODE /D UNICODE /Gm /EHsc /RTC1 /MDd /GS /fp:precise /Zc:wchar_t /Zc:forScope /Fo"Debug\\" /Fd"Debug\vc100.pdb" /Gd /TP /analyze- /errorReport:prompt question2.cpp question3.cpp
         question3.cpp
     1>c:\users\michael\documents\visual studio 2010\projects\assignment 4.0\assignment 4.0\question3.cpp(18): warning C4996: 'scanf': This function or variable may be unsafe. Consider using scanf_s instead. To disable deprecation, use _CRT_SECURE_NO_WARNINGS. See online help for details.
                 c:\program files\microsoft visual studio 10.0\vc\include\stdio.h(304) : see declaration of 'scanf'
         question2.cpp
     1>c:\users\michael\documents\visual studio 2010\projects\assignment 4.0\assignment 4.0\question2.cpp(20): warning C4996: 'scanf': This function or variable may be unsafe. Consider using scanf_s instead. To disable deprecation, use _CRT_SECURE_NO_WARNINGS. See online help for details.
                 c:\program files\microsoft visual studio 10.0\vc\include\stdio.h(304) : see declaration of 'scanf'
     1>c:\users\michael\documents\visual studio 2010\projects\assignment 4.0\assignment 4.0\question2.cpp(15): warning C4101: 'beta' : unreferenced local variable
     1>c:\users\michael\documents\visual studio 2010\projects\assignment 4.0\assignment 4.0\question2.cpp(50): warning C4996: 'scanf': This function or variable may be unsafe. Consider using scanf_s instead. To disable deprecation, use _CRT_SECURE_NO_WARNINGS. See online help for details.
                 c:\program files\microsoft visual studio 10.0\vc\include\stdio.h(304) : see declaration of 'scanf'
     1>c:\users\michael\documents\visual studio 2010\projects\assignment 4.0\assignment 4.0\question2.cpp(92): warning C4996: 'scanf': This function or variable may be unsafe. Consider using scanf_s instead. To disable deprecation, use _CRT_SECURE_NO_WARNINGS. See online help for details.
                 c:\program files\microsoft visual studio 10.0\vc\include\stdio.h(304) : see declaration of 'scanf'
     1>c:\users\michael\documents\visual studio 2010\projects\assignment 4.0\assignment 4.0\question2.cpp(101): warning C4996: 'scanf': This function or variable may be unsafe. Consider using scanf_s instead. To disable deprecation, use _CRT_SECURE_NO_WARNINGS. See online help for details.
                 c:\program files\microsoft visual studio 10.0\vc\include\stdio.h(304) : see declaration of 'scanf'
         Generating Code...
       ManifestResourceCompile:
         All outputs are up-to-date.
       Link:
         c:\Program Files\Microsoft Visual Studio 10.0\VC\bin\link.exe /ERRORREPORT:PROMPT /OUT:"C:\Users\Michael\Documents\Visual Studio 2010\Projects\Assignment 4.0\Debug\Assignment 4.0.exe" /INCREMENTAL /NOLOGO kernel32.lib user32.lib gdi32.lib winspool.lib comdlg32.lib advapi32.lib shell32.lib ole32.lib oleaut32.lib uuid.lib odbc32.lib odbccp32.lib /MANIFEST /ManifestFile:"Debug\Assignment 4.0.exe.intermediate.manifest" /MANIFESTUAC:"level='asInvoker' uiAccess='false'" /DEBUG /PDB:"C:\Users\Michael\Documents\Visual Studio 2010\Projects\Assignment 4.0\Debug\Assignment 4.0.pdb" /SUBSYSTEM:CONSOLE /TLBID:1 /DYNAMICBASE /NXCOMPAT /IMPLIB:"C:\Users\Michael\Documents\Visual Studio 2010\Projects\Assignment 4.0\Debug\Assignment 4.0.lib" /MACHINE:X86 "Debug\Assignment 4.0.exe.embed.manifest.res"
         "Debug\Question 1.obj"
         Debug\question2.obj
         Debug\question3.obj
         Debug\testfile.obj
     1>question3.obj : error LNK2005: _main already defined in question2.obj
     1>question2.obj : error LNK2001: unresolved external symbol "void __cdecl setinStock(int (* const)[4],int * const)" (?setinStock@@YAXQAY03HQAH@Z)
     1>C:\Users\Michael\Documents\Visual Studio 2010\Projects\Assignment 4.0\Debug\Assignment 4.0.exe : fatal error LNK1120: 1 unresolved externals
     1>Done Building Project "C:\Users\Michael\Documents\Visual Studio 2010\Projects\Assignment 4.0\Assignment 4.0\Assignment 4.0.vcxproj" (build target(s)) -- FAILED.

Build FAILED.

Time Elapsed 00:00:02.16
